<?xml version="1.0" encoding="UTF-8"?>
<!-- Generated by org.testng.reporters.JUnitReportReporter -->
<testsuite skipped="0" hostname="CTNL0025" name="setupEnvironment.Test_Loginapplication" tests="3" failures="0" timestamp="22 Apr 2020 05:17:25 GMT" time="85.272" errors="0">
  <testcase name="loginApplication" time="16.024" classname="setupEnvironment.Test_Loginapplication"/>
  <testcase name="selectLoginUser" time="66.210" classname="setupEnvironment.Test_Loginapplication"/>
  <testcase name="selectproject" time="3.038" classname="setupEnvironment.Test_Loginapplication"/>
</testsuite> <!-- setupEnvironment.Test_Loginapplication -->
