<?xml version="1.0" encoding="UTF-8"?>
<!-- Generated by org.testng.reporters.JUnitReportReporter -->
<testsuite skipped="0" hostname="DESKTOP-RD79HJS" name="setupEnvironment.Test_Loginapplication" tests="3" failures="0" timestamp="2020-05-04T00:41:30 IST" time="31.684" errors="0">
  <testcase name="loginApplication" time="17.073" classname="setupEnvironment.Test_Loginapplication"/>
  <system-out/>
  <testcase name="selectLoginUser" time="7.750" classname="setupEnvironment.Test_Loginapplication"/>
  <system-out/>
  <testcase name="selectproject" time="6.861" classname="setupEnvironment.Test_Loginapplication"/>
  <system-out/>
</testsuite> <!-- setupEnvironment.Test_Loginapplication -->
