<?xml version="1.0" encoding="UTF-8"?>
<!-- Generated by org.testng.reporters.JUnitReportReporter -->
<testsuite skipped="0" hostname="CTNL0025" name="setupEnvironment.Test_Loginapplication" tests="2" failures="0" timestamp="16 Apr 2020 01:27:23 GMT" time="37.598" errors="0">
  <testcase name="loginApplication" time="16.456" classname="setupEnvironment.Test_Loginapplication"/>
  <testcase name="selectLoginUser" time="21.142" classname="setupEnvironment.Test_Loginapplication"/>
</testsuite> <!-- setupEnvironment.Test_Loginapplication -->
