<?xml version="1.0" encoding="UTF-8"?>
<!-- Generated by org.testng.reporters.JUnitReportReporter -->
<testsuite skipped="0" hostname="CTNL0025" name="setupEnvironment.Test_Loginapplication" tests="1" failures="0" timestamp="12 Apr 2020 13:36:07 GMT" time="19.892" errors="0">
  <testcase name="loginApplication" time="19.892" classname="setupEnvironment.Test_Loginapplication"/>
</testsuite> <!-- setupEnvironment.Test_Loginapplication -->
