<?xml version="1.0" encoding="UTF-8"?>
<!-- Generated by org.testng.reporters.JUnitReportReporter -->
<testsuite skipped="0" hostname="CTNL0025" name="roughTestPackage.RoughTest1" tests="10" failures="0" timestamp="09 May 2020 13:03:12 GMT" time="0.022" errors="0">
  <testcase name="Method43" time="0.003" classname="roughTestPackage.RoughTest1"/>
  <testcase name="Method43" time="0.005" classname="roughTestPackage.RoughTest1"/>
  <testcase name="Method44" time="0.003" classname="roughTestPackage.RoughTest1"/>
  <testcase name="Method44" time="0.001" classname="roughTestPackage.RoughTest1"/>
  <testcase name="Method44" time="0.001" classname="roughTestPackage.RoughTest1"/>
  <testcase name="Method44" time="0.001" classname="roughTestPackage.RoughTest1"/>
  <testcase name="Method45" time="0.002" classname="roughTestPackage.RoughTest1"/>
  <testcase name="Method45" time="0.002" classname="roughTestPackage.RoughTest1"/>
  <testcase name="Method45" time="0.003" classname="roughTestPackage.RoughTest1"/>
  <testcase name="Method45" time="0.001" classname="roughTestPackage.RoughTest1"/>
</testsuite> <!-- roughTestPackage.RoughTest1 -->
