<?xml version="1.0" encoding="UTF-8"?>
<!-- Generated by org.testng.reporters.JUnitReportReporter -->
<testsuite skipped="0" hostname="CTNL0025" name="setupEnvironment.Test_Loginapplication" tests="3" failures="0" timestamp="09 May 2020 17:34:19 GMT" time="98.205" errors="0">
  <testcase name="loginApplication" time="23.741" classname="setupEnvironment.Test_Loginapplication"/>
  <testcase name="selectLoginUser" time="68.888" classname="setupEnvironment.Test_Loginapplication"/>
  <testcase name="selectproject" time="5.576" classname="setupEnvironment.Test_Loginapplication"/>
</testsuite> <!-- setupEnvironment.Test_Loginapplication -->
