<?xml version="1.0" encoding="UTF-8"?>
<!-- Generated by org.testng.reporters.JUnitReportReporter -->
<testsuite skipped="0" hostname="CTNL0025" name="setupEnvironment.Test_Loginapplication" tests="2" failures="0" timestamp="16 Apr 2020 09:47:31 GMT" time="46.418" errors="0">
  <testcase name="loginApplication" time="15.673" classname="setupEnvironment.Test_Loginapplication"/>
  <testcase name="selectLoginUser" time="30.745" classname="setupEnvironment.Test_Loginapplication"/>
</testsuite> <!-- setupEnvironment.Test_Loginapplication -->
