<?xml version="1.0" encoding="UTF-8"?>
<!-- Generated by org.testng.reporters.JUnitReportReporter -->
<testsuite skipped="0" hostname="DESKTOP-RD79HJS" name="setupEnvironment.Test_Loginapplication" tests="3" failures="0" timestamp="2020-05-02T18:06:32 IST" time="77.187" errors="0">
  <testcase name="loginApplication" time="24.885" classname="setupEnvironment.Test_Loginapplication"/>
  <system-out/>
  <testcase name="selectLoginUser" time="45.980" classname="setupEnvironment.Test_Loginapplication"/>
  <system-out/>
  <testcase name="selectproject" time="6.322" classname="setupEnvironment.Test_Loginapplication"/>
  <system-out/>
</testsuite> <!-- setupEnvironment.Test_Loginapplication -->
