<?xml version="1.0" encoding="UTF-8"?>
<!-- Generated by org.testng.reporters.JUnitReportReporter -->
<testsuite skipped="0" hostname="CTNL0025" name="setupEnvironment.Test_Loginapplication" tests="3" failures="0" timestamp="25 Apr 2020 09:34:49 GMT" time="115.643" errors="0">
  <testcase name="loginApplication" time="42.184" classname="setupEnvironment.Test_Loginapplication"/>
  <testcase name="selectLoginUser" time="63.768" classname="setupEnvironment.Test_Loginapplication"/>
  <testcase name="selectproject" time="9.691" classname="setupEnvironment.Test_Loginapplication"/>
</testsuite> <!-- setupEnvironment.Test_Loginapplication -->
